[debug] [2019-01-28T09:42:35.287Z] ----------------------------------------------------------------------
[debug] [2019-01-28T09:42:35.289Z] Command:       C:\Program Files\nodejs\node.exe C:\Users\sikanted\AppData\Roaming\npm\node_modules\firebase-tools\lib\bin\firebase.js deploy
[debug] [2019-01-28T09:42:35.289Z] CLI Version:   6.1.1
[debug] [2019-01-28T09:42:35.289Z] Platform:      win32
[debug] [2019-01-28T09:42:35.289Z] Node Version:  v8.11.2
[debug] [2019-01-28T09:42:35.289Z] Time:          Mon Jan 28 2019 15:12:35 GMT+0530 (India Standard Time)
[debug] [2019-01-28T09:42:35.289Z] ----------------------------------------------------------------------
[debug] 
[debug] [2019-01-28T09:42:35.297Z] > command requires scopes: ["email","openid","https://www.googleapis.com/auth/cloudplatformprojects.readonly","https://www.googleapis.com/auth/firebase","https://www.googleapis.com/auth/cloud-platform"]
[debug] [2019-01-28T09:42:35.298Z] > authorizing via signed-in user
[debug] [2019-01-28T09:42:35.298Z] [iam] checking project pricecomparison-6d140 for permissions ["firebase.projects.get","firebasehosting.sites.update"]
[debug] [2019-01-28T09:42:35.299Z] >>> HTTP REQUEST POST https://cloudresourcemanager.googleapis.com/v1/projects/pricecomparison-6d140:testIamPermissions  

[debug] [2019-01-28T09:42:37.084Z] <<< HTTP RESPONSE 200
[debug] [2019-01-28T09:42:37.085Z] >>> HTTP REQUEST GET https://firebase.googleapis.com/v1beta1/projects/pricecomparison-6d140  
 
[debug] [2019-01-28T09:42:37.687Z] <<< HTTP RESPONSE 200
[info] 
[info] === Deploying to 'pricecomparison-6d140'...
[info] 
[info] i  deploying hosting
[debug] [2019-01-28T09:42:37.690Z] >>> HTTP REQUEST POST https://firebasehosting.googleapis.com/v1beta1/sites/pricecomparison-6d140/versions  

[debug] [2019-01-28T09:42:40.205Z] <<< HTTP RESPONSE 200
[info] i  hosting[pricecomparison-6d140]: beginning deploy...
[info] i  hosting[pricecomparison-6d140]: found 9 files in Build
[debug] [2019-01-28T09:42:40.212Z] [hosting] hash cache [QnVpbGQ] load error: lines is not defined
[debug] [2019-01-28T09:42:41.392Z] [hosting] hash cache [QnVpbGQ] stored for 9 files
[debug] [2019-01-28T09:42:41.392Z] [hosting][hash queue][FINAL]
[debug] [2019-01-28T09:42:41.393Z] >>> HTTP REQUEST POST https://firebasehosting.googleapis.com/v1beta1/sites/pricecomparison-6d140/versions/f73a1030fd7b69e1:populateFiles  
 <request body omitted>
[debug] [2019-01-28T09:42:43.576Z] <<< HTTP RESPONSE 200
[debug] [2019-01-28T09:42:43.580Z] [hosting][populate queue][FINAL]
[debug] [2019-01-28T09:42:43.580Z] [hosting] uploads queued: 5
[debug] [2019-01-28T09:42:47.793Z] [hosting][upload queue][FINAL]
[info] +  hosting[pricecomparison-6d140]: file upload complete
[debug] [2019-01-28T09:42:47.794Z] [hosting] deploy completed after 7588ms
[debug] [2019-01-28T09:42:48.113Z] [
  {
    "config": {
      "public": "Build",
      "ignore": [
        "firebase.json",
        "**/.*",
        "**/node_modules/**"
      ],
      "rewrites": [
        {
          "source": "**",
          "destination": "/index.html"
        }
      ],
      "site": "pricecomparison-6d140"
    },
    "site": "pricecomparison-6d140",
    "version": "sites/pricecomparison-6d140/versions/f73a1030fd7b69e1"
  }
]
[info] i  hosting[pricecomparison-6d140]: finalizing version...
[debug] [2019-01-28T09:42:48.113Z] >>> HTTP REQUEST PATCH https://firebasehosting.googleapis.com/v1beta1/sites/pricecomparison-6d140/versions/f73a1030fd7b69e1?updateMask=status  

